# JRE version: Java(TM) SE Runtime Environment (8.0_45-b14) (build 1.8.0_45-b14)
# Java VM: Java HotSpot(TM) 64-Bit Server VM (25.45-b02 mixed mode windows-amd64 compressed oops)
Heap:
 PSYoungGen      total 76288K, used 45254K [0x000000076af00000, 0x0000000771700000, 0x00000007c0000000)
  eden space 65536K, 52% used [0x000000076af00000,0x000000076d0b1fa8,0x000000076ef00000)
  from space 10752K, 99% used [0x000000076ef00000,0x000000076f97f910,0x000000076f980000)
  to   space 10752K, 0% used [0x0000000770c80000,0x0000000770c80000,0x0000000771700000)
 ParOldGen       total 114176K, used 16996K [0x00000006c0c00000, 0x00000006c7b80000, 0x000000076af00000)
  object space 114176K, 14% used [0x00000006c0c00000,0x00000006c1c99180,0x00000006c7b80000)
 Metaspace       used 26391K, capacity 28200K, committed 28544K, reserved 1073152K
  class space    used 3772K, capacity 4105K, committed 4224K, reserved 1048576K
GC Heap History (8 events):
Event: 0.928 GC heap before
{Heap before GC invocations=1 (full 0):
 PSYoungGen      total 76288K, used 65536K [0x000000076af00000, 0x0000000770400000, 0x00000007c0000000)
  eden space 65536K, 100% used [0x000000076af00000,0x000000076ef00000,0x000000076ef00000)
  from space 10752K, 0% used [0x000000076f980000,0x000000076f980000,0x0000000770400000)
  to   space 10752K, 0% used [0x000000076ef00000,0x000000076ef00000,0x000000076f980000)
 ParOldGen       total 175104K, used 0K [0x00000006c0c00000, 0x00000006cb700000, 0x000000076af00000)
  object space 175104K, 0% used [0x00000006c0c00000,0x00000006c0c00000,0x00000006cb700000)
 Metaspace       used 16679K, capacity 17146K, committed 17408K, reserved 1064960K
  class space    used 2311K, capacity 2444K, committed 2560K, reserved 1048576K
Event: 0.933 GC heap after
Heap after GC invocations=1 (full 0):
 PSYoungGen      total 76288K, used 5616K [0x000000076af00000, 0x0000000770400000, 0x00000007c0000000)
  eden space 65536K, 0% used [0x000000076af00000,0x000000076af00000,0x000000076ef00000)
  from space 10752K, 52% used [0x000000076ef00000,0x000000076f47c050,0x000000076f980000)
  to   space 10752K, 0% used [0x000000076f980000,0x000000076f980000,0x0000000770400000)
 ParOldGen       total 175104K, used 88K [0x00000006c0c00000, 0x00000006cb700000, 0x000000076af00000)
  object space 175104K, 0% used [0x00000006c0c00000,0x00000006c0c16010,0x00000006cb700000)
 Metaspace       used 16679K, capacity 17146K, committed 17408K, reserved 1064960K
  class space    used 2311K, capacity 2444K, committed 2560K, reserved 1048576K
}
Event: 1.212 GC heap before
{Heap before GC invocations=2 (full 0):
 PSYoungGen      total 76288K, used 28758K [0x000000076af00000, 0x0000000770400000, 0x00000007c0000000)
  eden space 65536K, 35% used [0x000000076af00000,0x000000076c599a10,0x000000076ef00000)
  from space 10752K, 52% used [0x000000076ef00000,0x000000076f47c050,0x000000076f980000)
  to   space 10752K, 0% used [0x000000076f980000,0x000000076f980000,0x0000000770400000)
 ParOldGen       total 175104K, used 88K [0x00000006c0c00000, 0x00000006cb700000, 0x000000076af00000)
  object space 175104K, 0% used [0x00000006c0c00000,0x00000006c0c16010,0x00000006cb700000)
 Metaspace       used 20329K, capacity 21282K, committed 21296K, reserved 1067008K
  class space    used 2979K, capacity 3190K, committed 3200K, reserved 1048576K
Event: 1.218 GC heap after
Heap after GC invocations=2 (full 0):
 PSYoungGen      total 76288K, used 6832K [0x000000076af00000, 0x0000000774400000, 0x00000007c0000000)
  eden space 65536K, 0% used [0x000000076af00000,0x000000076af00000,0x000000076ef00000)
  from space 10752K, 63% used [0x000000076f980000,0x000000077002c050,0x0000000770400000)
  to   space 10752K, 0% used [0x000000076ef00000,0x000000076ef00000,0x000000076f980000)
 ParOldGen       total 175104K, used 96K [0x00000006c0c00000, 0x00000006cb700000, 0x000000076af00000)
  object space 175104K, 0% used [0x00000006c0c00000,0x00000006c0c18010,0x00000006cb700000)
 Metaspace       used 20329K, capacity 21282K, committed 21296K, reserved 1067008K
  class space    used 2979K, capacity 3190K, committed 3200K, reserved 1048576K
}
Event: 1.218 GC heap before
{Heap before GC invocations=3 (full 1):
 PSYoungGen      total 76288K, used 6832K [0x000000076af00000, 0x0000000774400000, 0x00000007c0000000)
  eden space 65536K, 0% used [0x000000076af00000,0x000000076af00000,0x000000076ef00000)
  from space 10752K, 63% used [0x000000076f980000,0x000000077002c050,0x0000000770400000)
  to   space 10752K, 0% used [0x000000076ef00000,0x000000076ef00000,0x000000076f980000)
 ParOldGen       total 175104K, used 96K [0x00000006c0c00000, 0x00000006cb700000, 0x000000076af00000)
  object space 175104K, 0% used [0x00000006c0c00000,0x00000006c0c18010,0x00000006cb700000)
 Metaspace       used 20329K, capacity 21282K, committed 21296K, reserved 1067008K
  class space    used 2979K, capacity 3190K, committed 3200K, reserved 1048576K
Event: 1.244 GC heap after
Heap after GC invocations=3 (full 1):
 PSYoungGen      total 76288K, used 0K [0x000000076af00000, 0x0000000774400000, 0x00000007c0000000)
  eden space 65536K, 0% used [0x000000076af00000,0x000000076af00000,0x000000076ef00000)
  from space 10752K, 0% used [0x000000076f980000,0x000000076f980000,0x0000000770400000)
  to   space 10752K, 0% used [0x000000076ef00000,0x000000076ef00000,0x000000076f980000)
 ParOldGen       total 114176K, used 6752K [0x00000006c0c00000, 0x00000006c7b80000, 0x000000076af00000)
  object space 114176K, 5% used [0x00000006c0c00000,0x00000006c1298170,0x00000006c7b80000)
 Metaspace       used 20329K, capacity 21282K, committed 21296K, reserved 1067008K
  class space    used 2979K, capacity 3190K, committed 3200K, reserved 1048576K
}
Event: 7.097 GC heap before
{Heap before GC invocations=4 (full 1):
 PSYoungGen      total 76288K, used 65536K [0x000000076af00000, 0x0000000774400000, 0x00000007c0000000)
  eden space 65536K, 100% used [0x000000076af00000,0x000000076ef00000,0x000000076ef00000)
  from space 10752K, 0% used [0x000000076f980000,0x000000076f980000,0x0000000770400000)
  to   space 10752K, 0% used [0x000000076ef00000,0x000000076ef00000,0x000000076f980000)
 ParOldGen       total 114176K, used 6752K [0x00000006c0c00000, 0x00000006c7b80000, 0x000000076af00000)
  object space 114176K, 5% used [0x00000006c0c00000,0x00000006c1298170,0x00000006c7b80000)
 Metaspace       used 25614K, capacity 27232K, committed 27520K, reserved 1073152K
  class space    used 3617K, capacity 3903K, committed 3968K, reserved 1048576K
Event: 7.107 GC heap after
Heap after GC invocations=4 (full 1):
 PSYoungGen      total 76288K, used 10750K [0x000000076af00000, 0x0000000771700000, 0x00000007c0000000)
  eden space 65536K, 0% used [0x000000076af00000,0x000000076af00000,0x000000076ef00000)
  from space 10752K, 99% used [0x000000076ef00000,0x000000076f97f910,0x000000076f980000)
  to   space 10752K, 0% used [0x0000000770c80000,0x0000000770c80000,0x0000000771700000)
 ParOldGen       total 114176K, used 16996K [0x00000006c0c00000, 0x00000006c7b80000, 0x000000076af00000)
  object space 114176K, 14% used [0x00000006c0c00000,0x00000006c1c99180,0x00000006c7b80000)
 Metaspace       used 25614K, capacity 27232K, committed 27520K, reserved 1073152K
  class space    used 3617K, capacity 3903K, committed 3968K, reserved 1048576K
}

